0 info it worked if it ends with ok
1 verbose cli [ 'node', '/usr/local/bin/npm', 'install', 'art-tempalte' ]
2 info using npm@2.7.4
3 info using node@v0.12.2
4 warn package.json webpack@1.0.0 No description
5 warn package.json webpack@1.0.0 No README data
6 silly cache add args [ 'art-tempalte', null ]
7 verbose cache add spec art-tempalte
8 silly cache add parsed spec { raw: 'art-tempalte',
8 silly cache add   scope: null,
8 silly cache add   name: 'art-tempalte',
8 silly cache add   rawSpec: '',
8 silly cache add   spec: '*',
8 silly cache add   type: 'range' }
9 verbose addNamed art-tempalte@*
10 silly addNamed semver.valid null
11 silly addNamed semver.validRange *
12 silly addNameRange { name: 'art-tempalte', range: '*', hasData: false }
13 silly mapToRegistry name art-tempalte
14 silly mapToRegistry using default registry
15 silly mapToRegistry registry https://registry.npmjs.org/
16 silly mapToRegistry uri https://registry.npmjs.org/art-tempalte
17 verbose addNameRange registry:https://registry.npmjs.org/art-tempalte not in flight; fetching
18 verbose request uri https://registry.npmjs.org/art-tempalte
19 verbose request no auth needed
20 info attempt registry request try #1 at 2:41:00 PM
21 verbose request using bearer token for auth
22 verbose request id adef7c78622cbbc0
23 http request GET https://registry.npmjs.org/art-tempalte
24 http 404 https://registry.npmjs.org/art-tempalte
25 verbose headers { 'content-type': 'application/json',
25 verbose headers   'cache-control': 'max-age=0',
25 verbose headers   'content-length': '2',
25 verbose headers   'accept-ranges': 'bytes',
25 verbose headers   date: 'Thu, 10 Sep 2015 06:41:04 GMT',
25 verbose headers   via: '1.1 varnish',
25 verbose headers   connection: 'keep-alive',
25 verbose headers   'x-served-by': 'cache-nrt6126-NRT',
25 verbose headers   'x-cache': 'MISS',
25 verbose headers   'x-cache-hits': '0',
25 verbose headers   'x-timer': 'S1441867264.420493,VS0,VE525' }
26 silly get cb [ 404,
26 silly get   { 'content-type': 'application/json',
26 silly get     'cache-control': 'max-age=0',
26 silly get     'content-length': '2',
26 silly get     'accept-ranges': 'bytes',
26 silly get     date: 'Thu, 10 Sep 2015 06:41:04 GMT',
26 silly get     via: '1.1 varnish',
26 silly get     connection: 'keep-alive',
26 silly get     'x-served-by': 'cache-nrt6126-NRT',
26 silly get     'x-cache': 'MISS',
26 silly get     'x-cache-hits': '0',
26 silly get     'x-timer': 'S1441867264.420493,VS0,VE525' } ]
27 verbose stack Error: Registry returned 404 for GET on https://registry.npmjs.org/art-tempalte
27 verbose stack     at CachingRegistryClient.<anonymous> (/usr/local/lib/node_modules/npm/node_modules/npm-registry-client/lib/request.js:239:14)
27 verbose stack     at Request._callback (/usr/local/lib/node_modules/npm/node_modules/npm-registry-client/lib/request.js:170:14)
27 verbose stack     at Request.self.callback (/usr/local/lib/node_modules/npm/node_modules/request/request.js:344:22)
27 verbose stack     at Request.emit (events.js:110:17)
27 verbose stack     at Request.<anonymous> (/usr/local/lib/node_modules/npm/node_modules/request/request.js:1239:14)
27 verbose stack     at Request.emit (events.js:129:20)
27 verbose stack     at IncomingMessage.<anonymous> (/usr/local/lib/node_modules/npm/node_modules/request/request.js:1187:12)
27 verbose stack     at IncomingMessage.emit (events.js:129:20)
27 verbose stack     at _stream_readable.js:908:16
27 verbose stack     at process._tickCallback (node.js:355:11)
28 verbose statusCode 404
29 verbose pkgid art-tempalte
30 verbose cwd /Users/abjia/react-work/webpack
31 error Darwin 13.3.0
32 error argv "node" "/usr/local/bin/npm" "install" "art-tempalte"
33 error node v0.12.2
34 error npm  v2.7.4
35 error code E404
36 error 404 Registry returned 404 for GET on https://registry.npmjs.org/art-tempalte
36 error 404
36 error 404 'art-tempalte' is not in the npm registry.
36 error 404 You should bug the author to publish it (or use the name yourself!)
36 error 404 It was specified as a dependency of 'webpack'
36 error 404
36 error 404 Note that you can also install from a
36 error 404 tarball, folder, http url, or git url.
37 verbose exit [ 1, true ]
